Error setting up configs. [Errno 2] No such file or directory: 'output/excel/2024-07-25_08-48.xlsx'
None
Error setting up environment. [Errno 2] No such file or directory: 'output/excel/2024-07-25_08-48.xlsx'
None
Error initializing environment. [Errno 2] No such file or directory: 'output/excel/2024-07-25_08-48.xlsx'
None
Error initializing Environment. [Errno 2] No such file or directory: 'output/excel/2024-07-25_08-48.xlsx'
Error setting up configs. [Errno 2] No such file or directory: 'output/excel/2024-07-25_08-55.xlsx'
None
Error setting up environment. [Errno 2] No such file or directory: 'output/excel/2024-07-25_08-55.xlsx'
None
Error initializing environment. [Errno 2] No such file or directory: 'output/excel/2024-07-25_08-55.xlsx'
None
Error initializing Environment. [Errno 2] No such file or directory: 'output/excel/2024-07-25_08-55.xlsx'
Variables and configs set up.
Browser options set up.
Browser opened
Browser maximized
Driver in correct url: https://www.aljazeera.com/
Browser URL validated
Environment set up.
Environment initialized.
Started job execution
Excel sheet opened
clicked search icon.
Query typed in search-bar
Searched for stock-market
Search results loaded.
Sorted results by date.
Processing article 1
Started processing article https://www.aljazeera.com/economy/
Article https://www.aljazeera.com/economy/ is not news.
Processing article 2
Started processing article https://www.aljazeera.com/tag/financial-markets/
Article https://www.aljazeera.com/tag/financial-markets/ is not news.
Processing article 3
Started processing article https://www.aljazeera.com/news/2024/7/25/typhoon-gaemi-barrels-towards-chinas-fujian-after-sinking-ship-off-taiwan
Image successfully downloaded: output/imgs/typhoon-gaemi-barrels-towards-chinas-fujian-after-sinking-ship-off-taiwan.jpg
All information obtained for article https://www.aljazeera.com/news/2024/7/25/typhoon-gaemi-barrels-towards-chinas-fujian-after-sinking-ship-off-taiwan
Processing article 4
Started processing article https://www.aljazeera.com/
Article https://www.aljazeera.com/ is not news.
Processing article 5
Started processing article https://www.aljazeera.com/features/
Article https://www.aljazeera.com/features/ is not news.
Processing article 6
Started processing article https://www.aljazeera.com/features/2024/7/24/targeting-of-indian-muslims-alleged-in-row-over-naming-eateries-by-religion
Image successfully downloaded: output/imgs/targeting-of-indian-muslims-alleged-in-row-over-naming-eateries-by-religion.jpg
All information obtained for article https://www.aljazeera.com/features/2024/7/24/targeting-of-indian-muslims-alleged-in-row-over-naming-eateries-by-religion
Processing article 7
Started processing article https://www.aljazeera.com/gallery/2024/7/24/streets-turn-into-rivers-as-typhoon-gaemi-sweeps-over-philippines
Image successfully downloaded: output/imgs/streets-turn-into-rivers-as-typhoon-gaemi-sweeps-over-philippines.jpg
All information obtained for article https://www.aljazeera.com/gallery/2024/7/24/streets-turn-into-rivers-as-typhoon-gaemi-sweeps-over-philippines
Processing article 8
Started processing article https://www.aljazeera.com/news/2024/7/23/south-korean-tech-giant-kakaos-founder-arrested-in-stock-price-manipulatio
Image successfully downloaded: output/imgs/south-korean-tech-giant-kakaos-founder-arrested-in-stock-price-manipulatio.jpg
All information obtained for article https://www.aljazeera.com/news/2024/7/23/south-korean-tech-giant-kakaos-founder-arrested-in-stock-price-manipulatio
Processing article 9
Started processing article https://www.aljazeera.com/economy/2024/7/23/indias-modi-sets-aside-billions-for-jobs-allies-in-post-election-budget
Image successfully downloaded: output/imgs/indias-modi-sets-aside-billions-for-jobs-allies-in-post-election-budget.jpg
All information obtained for article https://www.aljazeera.com/economy/2024/7/23/indias-modi-sets-aside-billions-for-jobs-allies-in-post-election-budget
Processing article 10
Started processing article https://www.aljazeera.com/economy/2024/7/22/for-biden-the-economy-was-a-vulnerability-before-age-became-key-concern
Image successfully downloaded: output/imgs/for-biden-the-economy-was-a-vulnerability-before-age-became-key-concern.jpg
All information obtained for article https://www.aljazeera.com/economy/2024/7/22/for-biden-the-economy-was-a-vulnerability-before-age-became-key-concern
Processing article 11
Article 12 not found.
Next page loaded.
Started processing article https://www.aljazeera.com/features/2024/7/21/why-indians-are-mad-for-momos
Image successfully downloaded: output/imgs/why-indians-are-mad-for-momos.jpg
All information obtained for article https://www.aljazeera.com/features/2024/7/21/why-indians-are-mad-for-momos
Processing article 12
Started processing article https://www.aljazeera.com/news/2024/7/20/slow-recovery-after-crowdstrike-update-sparks-global-it-outage
Image successfully downloaded: output/imgs/slow-recovery-after-crowdstrike-update-sparks-global-it-outage.jpg
All information obtained for article https://www.aljazeera.com/news/2024/7/20/slow-recovery-after-crowdstrike-update-sparks-global-it-outage
Processing article 13
Started processing article https://www.aljazeera.com/economy/2024/7/19/australia-struck-by-major-it-outage-hitting-banks-media-telecoms
Image successfully downloaded: output/imgs/australia-struck-by-major-it-outage-hitting-banks-media-telecoms.jpg
All information obtained for article https://www.aljazeera.com/economy/2024/7/19/australia-struck-by-major-it-outage-hitting-banks-media-telecoms
Processing article 14
Started processing article https://www.aljazeera.com/news/2024/7/19/japan-sees-record-17-78-million-visitors-in-first-half-of-2024
Image successfully downloaded: output/imgs/japan-sees-record-17-78-million-visitors-in-first-half-of-2024.jpg
All information obtained for article https://www.aljazeera.com/news/2024/7/19/japan-sees-record-17-78-million-visitors-in-first-half-of-2024
Processing article 15
Started processing article https://www.aljazeera.com/economy/2024/7/19/us-stock-tumble-as-tech-share-rebound-falters
Image successfully downloaded: output/imgs/us-stock-tumble-as-tech-share-rebound-falters.jpg
All information obtained for article https://www.aljazeera.com/economy/2024/7/19/us-stock-tumble-as-tech-share-rebound-falters
Processing article 16
Started processing article https://www.aljazeera.com/economy/2024/7/17/hong-kong-journalist-group-head-says-fired-by-wsj-in-press-freedom-row
Image successfully downloaded: output/imgs/hong-kong-journalist-group-head-says-fired-by-wsj-in-press-freedom-row.jpg
All information obtained for article https://www.aljazeera.com/economy/2024/7/17/hong-kong-journalist-group-head-says-fired-by-wsj-in-press-freedom-row
Processing article 17
Started processing article https://www.aljazeera.com/economy/2024/7/17/chip-stocks-shed-480bn-on-china-trade-fears-trumps-taiwan-comments
Image successfully downloaded: output/imgs/chip-stocks-shed-480bn-on-china-trade-fears-trumps-taiwan-comments.jpg
All information obtained for article https://www.aljazeera.com/economy/2024/7/17/chip-stocks-shed-480bn-on-china-trade-fears-trumps-taiwan-comments
Processing article 18
Started processing article https://www.aljazeera.com/news/2024/7/16/elon-musk-to-give-45m-a-month-to-pro-trump-election-group-report
Image successfully downloaded: output/imgs/elon-musk-to-give-45m-a-month-to-pro-trump-election-group-report.jpg
All information obtained for article https://www.aljazeera.com/news/2024/7/16/elon-musk-to-give-45m-a-month-to-pro-trump-election-group-report
Processing article 19
Started processing article https://www.aljazeera.com/economy/2024/7/16/ozy-media-co-founder-carlos-watson-found-guilty
Image successfully downloaded: output/imgs/ozy-media-co-founder-carlos-watson-found-guilty.jpg
All information obtained for article https://www.aljazeera.com/economy/2024/7/16/ozy-media-co-founder-carlos-watson-found-guilty
Processing article 20
Started processing article https://www.aljazeera.com/news/2024/7/16/trump-receives-heros-welcome-in-first-appearance-since-assassination-bid
Image successfully downloaded: output/imgs/trump-receives-heros-welcome-in-first-appearance-since-assassination-bid.jpg
All information obtained for article https://www.aljazeera.com/news/2024/7/16/trump-receives-heros-welcome-in-first-appearance-since-assassination-bid
Processing article 21
Article 22 not found.
Next page loaded.
Started processing article https://www.aljazeera.com/economy/2024/7/16/the-trump-economy-slower-growth-higher-prices-and-a-bigger-national-debt
Image successfully downloaded: output/imgs/the-trump-economy-slower-growth-higher-prices-and-a-bigger-national-debt.jpg
All information obtained for article https://www.aljazeera.com/economy/2024/7/16/the-trump-economy-slower-growth-higher-prices-and-a-bigger-national-debt
Processing article 22
Started processing article https://www.aljazeera.com/news/2024/7/16/why-is-the-us-secret-service-under-fire-for-trump-assassination-attempt
Image successfully downloaded: output/imgs/why-is-the-us-secret-service-under-fire-for-trump-assassination-attempt.jpg
All information obtained for article https://www.aljazeera.com/news/2024/7/16/why-is-the-us-secret-service-under-fire-for-trump-assassination-attempt
Processing article 23
Started processing article https://www.aljazeera.com/economy/2024/7/15/trump-media-gun-stocks-surge-after-assassination-attempt
Image successfully downloaded: output/imgs/trump-media-gun-stocks-surge-after-assassination-attempt.jpg
All information obtained for article https://www.aljazeera.com/economy/2024/7/15/trump-media-gun-stocks-surge-after-assassination-attempt
Processing article 24
Started processing article https://www.aljazeera.com/news/liveblog/2024/7/15/donald-trump-rally-shooting-live-republicans-gear-up-for-trump-nomination
Image successfully downloaded: output/imgs/donald-trump-rally-shooting-live-republicans-gear-up-for-trump-nomination.jpg
All information obtained for article https://www.aljazeera.com/news/liveblog/2024/7/15/donald-trump-rally-shooting-live-republicans-gear-up-for-trump-nomination
Processing article 25
Started processing article https://www.aljazeera.com/news/liveblog/2024/7/13/donald-trump-live-news-ex-us-president-walked-off-stage-after-shots-heard
Image successfully downloaded: output/imgs/donald-trump-live-news-ex-us-president-walked-off-stage-after-shots-heard.jpg
All information obtained for article https://www.aljazeera.com/news/liveblog/2024/7/13/donald-trump-live-news-ex-us-president-walked-off-stage-after-shots-heard
Processing article 26
Started processing article https://www.aljazeera.com/news/2024/7/4/jeff-bezos-to-sell-5bn-in-amazon-shares
Image successfully downloaded: output/imgs/jeff-bezos-to-sell-5bn-in-amazon-shares.jpg
All information obtained for article https://www.aljazeera.com/news/2024/7/4/jeff-bezos-to-sell-5bn-in-amazon-shares
Processing article 27
Started processing article https://www.aljazeera.com/economy/2024/7/2/new-twist-in-clash-between-us-short-seller-hindenburg-and-indias-adani
Image successfully downloaded: output/imgs/new-twist-in-clash-between-us-short-seller-hindenburg-and-indias-adani.jpg
All information obtained for article https://www.aljazeera.com/economy/2024/7/2/new-twist-in-clash-between-us-short-seller-hindenburg-and-indias-adani
Processing article 28
Started processing article https://www.aljazeera.com/economy/2024/6/28/nike-stock-plunges-on-surprise-forecast-of-drop-in-sales
Image successfully downloaded: output/imgs/nike-stock-plunges-on-surprise-forecast-of-drop-in-sales.jpg
All information obtained for article https://www.aljazeera.com/economy/2024/6/28/nike-stock-plunges-on-surprise-forecast-of-drop-in-sales
Processing article 29
Started processing article https://www.aljazeera.com/where/hong-kong/
Article https://www.aljazeera.com/where/hong-kong/ is not news.
Processing article 30
Started processing article https://www.aljazeera.com/economy/2024/6/19/nvidia-becomes-worlds-most-valuable-company-dethroning-microsoft
Image successfully downloaded: output/imgs/nvidia-becomes-worlds-most-valuable-company-dethroning-microsoft.jpg
All information obtained for article https://www.aljazeera.com/economy/2024/6/19/nvidia-becomes-worlds-most-valuable-company-dethroning-microsoft
Processing article 31
Article 32 not found.
Next page loaded.
Started processing article https://www.aljazeera.com/economy/2024/6/18/hong-kong-to-keep-stock-market-open-during-typhoons
Image successfully downloaded: output/imgs/hong-kong-to-keep-stock-market-open-during-typhoons.jpg
All information obtained for article https://www.aljazeera.com/economy/2024/6/18/hong-kong-to-keep-stock-market-open-during-typhoons
Processing article 32
Started processing article https://www.aljazeera.com/economy/2024/6/11/us-stock-market-hits-new-record-ahead-of-interest-rates-decision
Image successfully downloaded: output/imgs/us-stock-market-hits-new-record-ahead-of-interest-rates-decision.jpg
All information obtained for article https://www.aljazeera.com/economy/2024/6/11/us-stock-market-hits-new-record-ahead-of-interest-rates-decision
Processing article 33
Started processing article https://www.aljazeera.com/economy/2024/6/6/rahul-gandhi-seeks-probe-into-stock-market-moves-during-india-elections
Image successfully downloaded: output/imgs/rahul-gandhi-seeks-probe-into-stock-market-moves-during-india-elections.jpg
All information obtained for article https://www.aljazeera.com/economy/2024/6/6/rahul-gandhi-seeks-probe-into-stock-market-moves-during-india-elections
Processing article 34
Started processing article https://www.aljazeera.com/economy/2024/6/5/india-election-why-modis-narrow-win-has-the-stock-market-in-a-spin
Image successfully downloaded: output/imgs/india-election-why-modis-narrow-win-has-the-stock-market-in-a-spin.jpg
All information obtained for article https://www.aljazeera.com/economy/2024/6/5/india-election-why-modis-narrow-win-has-the-stock-market-in-a-spin
Processing article 35
Started processing article https://www.aljazeera.com/economy/2024/6/4/indias-stock-market-dips-as-modi-seen-headed-for-slimmer-majority
Image successfully downloaded: output/imgs/indias-stock-market-dips-as-modi-seen-headed-for-slimmer-majority.jpg
All information obtained for article https://www.aljazeera.com/economy/2024/6/4/indias-stock-market-dips-as-modi-seen-headed-for-slimmer-majority
Processing article 36
Started processing article https://www.aljazeera.com/economy/2024/6/3/nyse-glitch-sparks-volatility-in-berkshire-hathaway-and-dozens-of-stocks
Image successfully downloaded: output/imgs/nyse-glitch-sparks-volatility-in-berkshire-hathaway-and-dozens-of-stocks.jpg
All information obtained for article https://www.aljazeera.com/economy/2024/6/3/nyse-glitch-sparks-volatility-in-berkshire-hathaway-and-dozens-of-stocks
Processing article 37
Started processing article https://www.aljazeera.com/author/powerj
Article https://www.aljazeera.com/author/powerj is not news.
Processing article 38
Started processing article https://www.aljazeera.com/economy/2024/5/23/after-japans-comeback-south-korea-is-hoping-for-its-own-stock-market-boom
Image successfully downloaded: output/imgs/after-japans-comeback-south-korea-is-hoping-for-its-own-stock-market-boom.jpg
All information obtained for article https://www.aljazeera.com/economy/2024/5/23/after-japans-comeback-south-korea-is-hoping-for-its-own-stock-market-boom
Processing article 39
Started processing article https://www.aljazeera.com/economy/2024/5/3/apple-iphone-sales-plunge-as-shares-rise-on-dividend-stock-buyback-news
Image successfully downloaded: output/imgs/apple-iphone-sales-plunge-as-shares-rise-on-dividend-stock-buyback-news.jpg
All information obtained for article https://www.aljazeera.com/economy/2024/5/3/apple-iphone-sales-plunge-as-shares-rise-on-dividend-stock-buyback-news
Processing article 40
Started processing article https://www.aljazeera.com/economy/2024/4/24/tesla-profit-plunges-55-as-shares-bounce-on-plans-for-cheaper-vehicles
Image successfully downloaded: output/imgs/tesla-profit-plunges-55-as-shares-bounce-on-plans-for-cheaper-vehicles.jpg
All information obtained for article https://www.aljazeera.com/economy/2024/4/24/tesla-profit-plunges-55-as-shares-bounce-on-plans-for-cheaper-vehicles
Processing article 41
Article 42 not found.
Next page loaded.
Started processing article https://www.aljazeera.com/news/2024/4/16/fire-engulfs-iconic-stock-exchange-building-in-denmarks-copenhagen
Image successfully downloaded: output/imgs/fire-engulfs-iconic-stock-exchange-building-in-denmarks-copenhagen.jpg
All information obtained for article https://www.aljazeera.com/news/2024/4/16/fire-engulfs-iconic-stock-exchange-building-in-denmarks-copenhagen
Processing article 42
Started processing article https://www.aljazeera.com/economy/2024/4/15/stocks-slide-on-middle-east-tensions-as-hope-crisis-contained-stems-losses
Image successfully downloaded: output/imgs/stocks-slide-on-middle-east-tensions-as-hope-crisis-contained-stems-losses.jpg
All information obtained for article https://www.aljazeera.com/economy/2024/4/15/stocks-slide-on-middle-east-tensions-as-hope-crisis-contained-stems-losses
Processing article 43
Started processing article https://www.aljazeera.com/news/2024/4/1/shares-in-trump-media-tumble-after-filings-reveal-a-58m-loss-last-year
Image successfully downloaded: output/imgs/shares-in-trump-media-tumble-after-filings-reveal-a-58m-loss-last-year.jpg
All information obtained for article https://www.aljazeera.com/news/2024/4/1/shares-in-trump-media-tumble-after-filings-reveal-a-58m-loss-last-year
Processing article 44
Started processing article https://www.aljazeera.com/economy/2024/3/28/us-stock-market-hits-record-high-after-three-day-lull
Image successfully downloaded: output/imgs/us-stock-market-hits-record-high-after-three-day-lull.jpg
All information obtained for article https://www.aljazeera.com/economy/2024/3/28/us-stock-market-hits-record-high-after-three-day-lull
Processing article 45
Started processing article https://www.aljazeera.com/news/2024/3/28/what-is-islamic-and-halal-investment-is-it-on-the-rise
Image successfully downloaded: output/imgs/what-is-islamic-and-halal-investment-is-it-on-the-rise.jpg
All information obtained for article https://www.aljazeera.com/news/2024/3/28/what-is-islamic-and-halal-investment-is-it-on-the-rise
Processing article 46
Started processing article https://www.aljazeera.com/economy/2024/3/22/social-media-company-reddit-soars-to-9bn-valuation-in-wall-street-debut
Image successfully downloaded: output/imgs/social-media-company-reddit-soars-to-9bn-valuation-in-wall-street-debut.jpg
All information obtained for article https://www.aljazeera.com/economy/2024/3/22/social-media-company-reddit-soars-to-9bn-valuation-in-wall-street-debut
Processing article 47
Started processing article https://www.aljazeera.com/economy/2024/3/4/japans-benchmark-nikkei-index-passes-40000-for-first-time-in-history
Image successfully downloaded: output/imgs/japans-benchmark-nikkei-index-passes-40000-for-first-time-in-history.jpg
All information obtained for article https://www.aljazeera.com/economy/2024/3/4/japans-benchmark-nikkei-index-passes-40000-for-first-time-in-history
Processing article 48
Started processing article https://www.aljazeera.com/economy/2024/2/26/japans-stock-market-hits-new-high-after-topping-1989-peak
Image successfully downloaded: output/imgs/japans-stock-market-hits-new-high-after-topping-1989-peak.jpg
All information obtained for article https://www.aljazeera.com/economy/2024/2/26/japans-stock-market-hits-new-high-after-topping-1989-peak
Processing article 49
Started processing article https://www.aljazeera.com/economy/2024/2/8/japans-stock-market-barely-grew-for-decades-now-its-booming
Image successfully downloaded: output/imgs/japans-stock-market-barely-grew-for-decades-now-its-booming.jpg
All information obtained for article https://www.aljazeera.com/economy/2024/2/8/japans-stock-market-barely-grew-for-decades-now-its-booming
Processing article 50
Started processing article https://www.aljazeera.com/program/counting-the-cost/2024/2/4/is-chinas-economy-in-serious-trouble
Image successfully downloaded: output/imgs/is-chinas-economy-in-serious-trouble.jpg
All information obtained for article https://www.aljazeera.com/program/counting-the-cost/2024/2/4/is-chinas-economy-in-serious-trouble
Processing article 51
Article 52 not found.
Next page loaded.
Started processing article https://www.aljazeera.com/economy/2024/2/2/meta-amazon-smash-earnings-expectations-as-stock-markets-surge
Image successfully downloaded: output/imgs/meta-amazon-smash-earnings-expectations-as-stock-markets-surge.jpg
All information obtained for article https://www.aljazeera.com/economy/2024/2/2/meta-amazon-smash-earnings-expectations-as-stock-markets-surge
Processing article 52
Started processing article https://www.aljazeera.com/economy/2024/1/26/in-hong-kong-decades-of-wealth-gains-evaporate-on-beijings-watch
Image successfully downloaded: output/imgs/in-hong-kong-decades-of-wealth-gains-evaporate-on-beijings-watch.jpg
All information obtained for article https://www.aljazeera.com/economy/2024/1/26/in-hong-kong-decades-of-wealth-gains-evaporate-on-beijings-watch
Processing article 53
Started processing article https://www.aljazeera.com/news/2023/6/30/apples-market-value-breaches-3-trillion-mark-for-second-time
Article https://www.aljazeera.com/news/2023/6/30/apples-market-value-breaches-3-trillion-mark-for-second-time is out of date range.
Automation must stop processing.
Automation read 46 articles
Variables and configs set up.
Browser options set up.
Browser opened
Browser maximized
Driver in correct url: https://www.aljazeera.com/
Browser URL validated
Environment set up.
Environment initialized.
Started job execution
Excel sheet opened
clicked search icon.
Query typed in search-bar
Searched for stock-market
Search results loaded.
Sorted results by date.
Processing article 1
Started processing article https://www.aljazeera.com/economy/
Article https://www.aljazeera.com/economy/ is not news.
Processing article 2
Started processing article https://www.aljazeera.com/tag/financial-markets/
Article https://www.aljazeera.com/tag/financial-markets/ is not news.
Processing article 3
Started processing article https://www.aljazeera.com/news/2024/7/25/typhoon-gaemi-barrels-towards-chinas-fujian-after-sinking-ship-off-taiwan
Image successfully downloaded: output/imgs/typhoon-gaemi-barrels-towards-chinas-fujian-after-sinking-ship-off-taiwan.jpg
All information obtained for article https://www.aljazeera.com/news/2024/7/25/typhoon-gaemi-barrels-towards-chinas-fujian-after-sinking-ship-off-taiwan
Processing article 4
Started processing article https://www.aljazeera.com/
Article https://www.aljazeera.com/ is not news.
Processing article 5
Started processing article https://www.aljazeera.com/features/
Article https://www.aljazeera.com/features/ is not news.
Processing article 6
Started processing article https://www.aljazeera.com/features/2024/7/24/targeting-of-indian-muslims-alleged-in-row-over-naming-eateries-by-religion
Image successfully downloaded: output/imgs/targeting-of-indian-muslims-alleged-in-row-over-naming-eateries-by-religion.jpg
All information obtained for article https://www.aljazeera.com/features/2024/7/24/targeting-of-indian-muslims-alleged-in-row-over-naming-eateries-by-religion
Processing article 7
Started processing article https://www.aljazeera.com/gallery/2024/7/24/streets-turn-into-rivers-as-typhoon-gaemi-sweeps-over-philippines
Image successfully downloaded: output/imgs/streets-turn-into-rivers-as-typhoon-gaemi-sweeps-over-philippines.jpg
All information obtained for article https://www.aljazeera.com/gallery/2024/7/24/streets-turn-into-rivers-as-typhoon-gaemi-sweeps-over-philippines
Processing article 8
Started processing article https://www.aljazeera.com/news/2024/7/23/south-korean-tech-giant-kakaos-founder-arrested-in-stock-price-manipulatio
Image successfully downloaded: output/imgs/south-korean-tech-giant-kakaos-founder-arrested-in-stock-price-manipulatio.jpg
All information obtained for article https://www.aljazeera.com/news/2024/7/23/south-korean-tech-giant-kakaos-founder-arrested-in-stock-price-manipulatio
Processing article 9
Started processing article https://www.aljazeera.com/economy/2024/7/23/indias-modi-sets-aside-billions-for-jobs-allies-in-post-election-budget
Image successfully downloaded: output/imgs/indias-modi-sets-aside-billions-for-jobs-allies-in-post-election-budget.jpg
All information obtained for article https://www.aljazeera.com/economy/2024/7/23/indias-modi-sets-aside-billions-for-jobs-allies-in-post-election-budget
Processing article 10
Started processing article https://www.aljazeera.com/economy/2024/7/22/for-biden-the-economy-was-a-vulnerability-before-age-became-key-concern
Image successfully downloaded: output/imgs/for-biden-the-economy-was-a-vulnerability-before-age-became-key-concern.jpg
All information obtained for article https://www.aljazeera.com/economy/2024/7/22/for-biden-the-economy-was-a-vulnerability-before-age-became-key-concern
Processing article 11
Article 12 not found.
Next page loaded.
Started processing article https://www.aljazeera.com/features/2024/7/21/why-indians-are-mad-for-momos
Image successfully downloaded: output/imgs/why-indians-are-mad-for-momos.jpg
All information obtained for article https://www.aljazeera.com/features/2024/7/21/why-indians-are-mad-for-momos
Processing article 12
Started processing article https://www.aljazeera.com/news/2024/7/20/slow-recovery-after-crowdstrike-update-sparks-global-it-outage
Image successfully downloaded: output/imgs/slow-recovery-after-crowdstrike-update-sparks-global-it-outage.jpg
All information obtained for article https://www.aljazeera.com/news/2024/7/20/slow-recovery-after-crowdstrike-update-sparks-global-it-outage
Processing article 13
Started processing article https://www.aljazeera.com/economy/2024/7/19/australia-struck-by-major-it-outage-hitting-banks-media-telecoms
Image successfully downloaded: output/imgs/australia-struck-by-major-it-outage-hitting-banks-media-telecoms.jpg
All information obtained for article https://www.aljazeera.com/economy/2024/7/19/australia-struck-by-major-it-outage-hitting-banks-media-telecoms
Processing article 14
Started processing article https://www.aljazeera.com/news/2024/7/19/japan-sees-record-17-78-million-visitors-in-first-half-of-2024
Image successfully downloaded: output/imgs/japan-sees-record-17-78-million-visitors-in-first-half-of-2024.jpg
All information obtained for article https://www.aljazeera.com/news/2024/7/19/japan-sees-record-17-78-million-visitors-in-first-half-of-2024
Processing article 15
Started processing article https://www.aljazeera.com/economy/2024/7/19/us-stock-tumble-as-tech-share-rebound-falters
Image successfully downloaded: output/imgs/us-stock-tumble-as-tech-share-rebound-falters.jpg
All information obtained for article https://www.aljazeera.com/economy/2024/7/19/us-stock-tumble-as-tech-share-rebound-falters
Processing article 16
Started processing article https://www.aljazeera.com/economy/2024/7/17/hong-kong-journalist-group-head-says-fired-by-wsj-in-press-freedom-row
Image successfully downloaded: output/imgs/hong-kong-journalist-group-head-says-fired-by-wsj-in-press-freedom-row.jpg
All information obtained for article https://www.aljazeera.com/economy/2024/7/17/hong-kong-journalist-group-head-says-fired-by-wsj-in-press-freedom-row
Processing article 17
Started processing article https://www.aljazeera.com/economy/2024/7/17/chip-stocks-shed-480bn-on-china-trade-fears-trumps-taiwan-comments
Image successfully downloaded: output/imgs/chip-stocks-shed-480bn-on-china-trade-fears-trumps-taiwan-comments.jpg
All information obtained for article https://www.aljazeera.com/economy/2024/7/17/chip-stocks-shed-480bn-on-china-trade-fears-trumps-taiwan-comments
Processing article 18
Started processing article https://www.aljazeera.com/news/2024/7/16/elon-musk-to-give-45m-a-month-to-pro-trump-election-group-report
Image successfully downloaded: output/imgs/elon-musk-to-give-45m-a-month-to-pro-trump-election-group-report.jpg
All information obtained for article https://www.aljazeera.com/news/2024/7/16/elon-musk-to-give-45m-a-month-to-pro-trump-election-group-report
Processing article 19
Started processing article https://www.aljazeera.com/economy/2024/7/16/ozy-media-co-founder-carlos-watson-found-guilty
Image successfully downloaded: output/imgs/ozy-media-co-founder-carlos-watson-found-guilty.jpg
All information obtained for article https://www.aljazeera.com/economy/2024/7/16/ozy-media-co-founder-carlos-watson-found-guilty
Processing article 20
Started processing article https://www.aljazeera.com/news/2024/7/16/trump-receives-heros-welcome-in-first-appearance-since-assassination-bid
Image successfully downloaded: output/imgs/trump-receives-heros-welcome-in-first-appearance-since-assassination-bid.jpg
All information obtained for article https://www.aljazeera.com/news/2024/7/16/trump-receives-heros-welcome-in-first-appearance-since-assassination-bid
Processing article 21
Article 22 not found.
Next page loaded.
Started processing article https://www.aljazeera.com/economy/2024/7/16/the-trump-economy-slower-growth-higher-prices-and-a-bigger-national-debt
Image successfully downloaded: output/imgs/the-trump-economy-slower-growth-higher-prices-and-a-bigger-national-debt.jpg
All information obtained for article https://www.aljazeera.com/economy/2024/7/16/the-trump-economy-slower-growth-higher-prices-and-a-bigger-national-debt
Processing article 22
Started processing article https://www.aljazeera.com/news/2024/7/16/why-is-the-us-secret-service-under-fire-for-trump-assassination-attempt
Image successfully downloaded: output/imgs/why-is-the-us-secret-service-under-fire-for-trump-assassination-attempt.jpg
All information obtained for article https://www.aljazeera.com/news/2024/7/16/why-is-the-us-secret-service-under-fire-for-trump-assassination-attempt
Processing article 23
Started processing article https://www.aljazeera.com/economy/2024/7/15/trump-media-gun-stocks-surge-after-assassination-attempt
Image successfully downloaded: output/imgs/trump-media-gun-stocks-surge-after-assassination-attempt.jpg
All information obtained for article https://www.aljazeera.com/economy/2024/7/15/trump-media-gun-stocks-surge-after-assassination-attempt
Processing article 24
Started processing article https://www.aljazeera.com/news/liveblog/2024/7/15/donald-trump-rally-shooting-live-republicans-gear-up-for-trump-nomination
Image successfully downloaded: output/imgs/donald-trump-rally-shooting-live-republicans-gear-up-for-trump-nomination.jpg
All information obtained for article https://www.aljazeera.com/news/liveblog/2024/7/15/donald-trump-rally-shooting-live-republicans-gear-up-for-trump-nomination
Processing article 25
Started processing article https://www.aljazeera.com/news/liveblog/2024/7/13/donald-trump-live-news-ex-us-president-walked-off-stage-after-shots-heard
Image successfully downloaded: output/imgs/donald-trump-live-news-ex-us-president-walked-off-stage-after-shots-heard.jpg
All information obtained for article https://www.aljazeera.com/news/liveblog/2024/7/13/donald-trump-live-news-ex-us-president-walked-off-stage-after-shots-heard
Processing article 26
Started processing article https://www.aljazeera.com/news/2024/7/4/jeff-bezos-to-sell-5bn-in-amazon-shares
Image successfully downloaded: output/imgs/jeff-bezos-to-sell-5bn-in-amazon-shares.jpg
All information obtained for article https://www.aljazeera.com/news/2024/7/4/jeff-bezos-to-sell-5bn-in-amazon-shares
Processing article 27
Started processing article https://www.aljazeera.com/economy/2024/7/2/new-twist-in-clash-between-us-short-seller-hindenburg-and-indias-adani
Image successfully downloaded: output/imgs/new-twist-in-clash-between-us-short-seller-hindenburg-and-indias-adani.jpg
All information obtained for article https://www.aljazeera.com/economy/2024/7/2/new-twist-in-clash-between-us-short-seller-hindenburg-and-indias-adani
Processing article 28
Started processing article https://www.aljazeera.com/economy/2024/6/28/nike-stock-plunges-on-surprise-forecast-of-drop-in-sales
Image successfully downloaded: output/imgs/nike-stock-plunges-on-surprise-forecast-of-drop-in-sales.jpg
All information obtained for article https://www.aljazeera.com/economy/2024/6/28/nike-stock-plunges-on-surprise-forecast-of-drop-in-sales
Processing article 29
Started processing article https://www.aljazeera.com/where/hong-kong/
Article https://www.aljazeera.com/where/hong-kong/ is not news.
Processing article 30
Started processing article https://www.aljazeera.com/economy/2024/6/19/nvidia-becomes-worlds-most-valuable-company-dethroning-microsoft
Image successfully downloaded: output/imgs/nvidia-becomes-worlds-most-valuable-company-dethroning-microsoft.jpg
All information obtained for article https://www.aljazeera.com/economy/2024/6/19/nvidia-becomes-worlds-most-valuable-company-dethroning-microsoft
Processing article 31
Article 32 not found.
Next page loaded.
Started processing article https://www.aljazeera.com/economy/2024/6/18/hong-kong-to-keep-stock-market-open-during-typhoons
Image successfully downloaded: output/imgs/hong-kong-to-keep-stock-market-open-during-typhoons.jpg
All information obtained for article https://www.aljazeera.com/economy/2024/6/18/hong-kong-to-keep-stock-market-open-during-typhoons
Processing article 32
Started processing article https://www.aljazeera.com/economy/2024/6/11/us-stock-market-hits-new-record-ahead-of-interest-rates-decision
Image successfully downloaded: output/imgs/us-stock-market-hits-new-record-ahead-of-interest-rates-decision.jpg
All information obtained for article https://www.aljazeera.com/economy/2024/6/11/us-stock-market-hits-new-record-ahead-of-interest-rates-decision
Processing article 33
Started processing article https://www.aljazeera.com/economy/2024/6/6/rahul-gandhi-seeks-probe-into-stock-market-moves-during-india-elections
Image successfully downloaded: output/imgs/rahul-gandhi-seeks-probe-into-stock-market-moves-during-india-elections.jpg
All information obtained for article https://www.aljazeera.com/economy/2024/6/6/rahul-gandhi-seeks-probe-into-stock-market-moves-during-india-elections
Processing article 34
Started processing article https://www.aljazeera.com/economy/2024/6/5/india-election-why-modis-narrow-win-has-the-stock-market-in-a-spin
Image successfully downloaded: output/imgs/india-election-why-modis-narrow-win-has-the-stock-market-in-a-spin.jpg
All information obtained for article https://www.aljazeera.com/economy/2024/6/5/india-election-why-modis-narrow-win-has-the-stock-market-in-a-spin
Processing article 35
Started processing article https://www.aljazeera.com/economy/2024/6/4/indias-stock-market-dips-as-modi-seen-headed-for-slimmer-majority
Image successfully downloaded: output/imgs/indias-stock-market-dips-as-modi-seen-headed-for-slimmer-majority.jpg
All information obtained for article https://www.aljazeera.com/economy/2024/6/4/indias-stock-market-dips-as-modi-seen-headed-for-slimmer-majority
Processing article 36
Started processing article https://www.aljazeera.com/economy/2024/6/3/nyse-glitch-sparks-volatility-in-berkshire-hathaway-and-dozens-of-stocks
Image successfully downloaded: output/imgs/nyse-glitch-sparks-volatility-in-berkshire-hathaway-and-dozens-of-stocks.jpg
All information obtained for article https://www.aljazeera.com/economy/2024/6/3/nyse-glitch-sparks-volatility-in-berkshire-hathaway-and-dozens-of-stocks
Processing article 37
Started processing article https://www.aljazeera.com/author/powerj
Article https://www.aljazeera.com/author/powerj is not news.
Processing article 38
Started processing article https://www.aljazeera.com/economy/2024/5/23/after-japans-comeback-south-korea-is-hoping-for-its-own-stock-market-boom
Image successfully downloaded: output/imgs/after-japans-comeback-south-korea-is-hoping-for-its-own-stock-market-boom.jpg
All information obtained for article https://www.aljazeera.com/economy/2024/5/23/after-japans-comeback-south-korea-is-hoping-for-its-own-stock-market-boom
Processing article 39
Started processing article https://www.aljazeera.com/economy/2024/5/3/apple-iphone-sales-plunge-as-shares-rise-on-dividend-stock-buyback-news
Image successfully downloaded: output/imgs/apple-iphone-sales-plunge-as-shares-rise-on-dividend-stock-buyback-news.jpg
All information obtained for article https://www.aljazeera.com/economy/2024/5/3/apple-iphone-sales-plunge-as-shares-rise-on-dividend-stock-buyback-news
Processing article 40
Started processing article https://www.aljazeera.com/economy/2024/4/24/tesla-profit-plunges-55-as-shares-bounce-on-plans-for-cheaper-vehicles
Image successfully downloaded: output/imgs/tesla-profit-plunges-55-as-shares-bounce-on-plans-for-cheaper-vehicles.jpg
All information obtained for article https://www.aljazeera.com/economy/2024/4/24/tesla-profit-plunges-55-as-shares-bounce-on-plans-for-cheaper-vehicles
Processing article 41
Article 42 not found.
Next page loaded.
Started processing article https://www.aljazeera.com/news/2024/4/16/fire-engulfs-iconic-stock-exchange-building-in-denmarks-copenhagen
Image successfully downloaded: output/imgs/fire-engulfs-iconic-stock-exchange-building-in-denmarks-copenhagen.jpg
All information obtained for article https://www.aljazeera.com/news/2024/4/16/fire-engulfs-iconic-stock-exchange-building-in-denmarks-copenhagen
Processing article 42
Started processing article https://www.aljazeera.com/economy/2024/4/15/stocks-slide-on-middle-east-tensions-as-hope-crisis-contained-stems-losses
Image successfully downloaded: output/imgs/stocks-slide-on-middle-east-tensions-as-hope-crisis-contained-stems-losses.jpg
All information obtained for article https://www.aljazeera.com/economy/2024/4/15/stocks-slide-on-middle-east-tensions-as-hope-crisis-contained-stems-losses
Processing article 43
Started processing article https://www.aljazeera.com/news/2024/4/1/shares-in-trump-media-tumble-after-filings-reveal-a-58m-loss-last-year
Image successfully downloaded: output/imgs/shares-in-trump-media-tumble-after-filings-reveal-a-58m-loss-last-year.jpg
All information obtained for article https://www.aljazeera.com/news/2024/4/1/shares-in-trump-media-tumble-after-filings-reveal-a-58m-loss-last-year
Processing article 44
Started processing article https://www.aljazeera.com/economy/2024/3/28/us-stock-market-hits-record-high-after-three-day-lull
Image successfully downloaded: output/imgs/us-stock-market-hits-record-high-after-three-day-lull.jpg
All information obtained for article https://www.aljazeera.com/economy/2024/3/28/us-stock-market-hits-record-high-after-three-day-lull
Processing article 45
Started processing article https://www.aljazeera.com/news/2024/3/28/what-is-islamic-and-halal-investment-is-it-on-the-rise
Image successfully downloaded: output/imgs/what-is-islamic-and-halal-investment-is-it-on-the-rise.jpg
All information obtained for article https://www.aljazeera.com/news/2024/3/28/what-is-islamic-and-halal-investment-is-it-on-the-rise
Processing article 46
Started processing article https://www.aljazeera.com/economy/2024/3/22/social-media-company-reddit-soars-to-9bn-valuation-in-wall-street-debut
Image successfully downloaded: output/imgs/social-media-company-reddit-soars-to-9bn-valuation-in-wall-street-debut.jpg
All information obtained for article https://www.aljazeera.com/economy/2024/3/22/social-media-company-reddit-soars-to-9bn-valuation-in-wall-street-debut
Processing article 47
Started processing article https://www.aljazeera.com/economy/2024/3/4/japans-benchmark-nikkei-index-passes-40000-for-first-time-in-history
Image successfully downloaded: output/imgs/japans-benchmark-nikkei-index-passes-40000-for-first-time-in-history.jpg
All information obtained for article https://www.aljazeera.com/economy/2024/3/4/japans-benchmark-nikkei-index-passes-40000-for-first-time-in-history
Processing article 48
Started processing article https://www.aljazeera.com/economy/2024/2/26/japans-stock-market-hits-new-high-after-topping-1989-peak
Image successfully downloaded: output/imgs/japans-stock-market-hits-new-high-after-topping-1989-peak.jpg
All information obtained for article https://www.aljazeera.com/economy/2024/2/26/japans-stock-market-hits-new-high-after-topping-1989-peak
Processing article 49
Started processing article https://www.aljazeera.com/economy/2024/2/8/japans-stock-market-barely-grew-for-decades-now-its-booming
Image successfully downloaded: output/imgs/japans-stock-market-barely-grew-for-decades-now-its-booming.jpg
All information obtained for article https://www.aljazeera.com/economy/2024/2/8/japans-stock-market-barely-grew-for-decades-now-its-booming
Processing article 50
Started processing article https://www.aljazeera.com/program/counting-the-cost/2024/2/4/is-chinas-economy-in-serious-trouble
Image successfully downloaded: output/imgs/is-chinas-economy-in-serious-trouble.jpg
All information obtained for article https://www.aljazeera.com/program/counting-the-cost/2024/2/4/is-chinas-economy-in-serious-trouble
Processing article 51
Article 52 not found.
Next page loaded.
Started processing article https://www.aljazeera.com/economy/2024/2/2/meta-amazon-smash-earnings-expectations-as-stock-markets-surge
Image successfully downloaded: output/imgs/meta-amazon-smash-earnings-expectations-as-stock-markets-surge.jpg
All information obtained for article https://www.aljazeera.com/economy/2024/2/2/meta-amazon-smash-earnings-expectations-as-stock-markets-surge
Processing article 52
Started processing article https://www.aljazeera.com/economy/2024/1/26/in-hong-kong-decades-of-wealth-gains-evaporate-on-beijings-watch
Image successfully downloaded: output/imgs/in-hong-kong-decades-of-wealth-gains-evaporate-on-beijings-watch.jpg
All information obtained for article https://www.aljazeera.com/economy/2024/1/26/in-hong-kong-decades-of-wealth-gains-evaporate-on-beijings-watch
Processing article 53
Started processing article https://www.aljazeera.com/news/2023/6/30/apples-market-value-breaches-3-trillion-mark-for-second-time
Article https://www.aljazeera.com/news/2023/6/30/apples-market-value-breaches-3-trillion-mark-for-second-time is out of date range.
Automation must stop processing.
Automation read 46 articles
